0 info it worked if it ends with ok
1 verbose cli [ '/usr/local/Cellar/node/8.1.3/bin/node',
1 verbose cli   '/usr/local/lib/node_modules/cnpm/node_modules/.bin/npm',
1 verbose cli   '--userconfig=/Users/ushow/.cnpmrc',
1 verbose cli   '--disturl=https://npm.taobao.org/mirrors/node',
1 verbose cli   '--registry=https://registry.npm.taobao.org',
1 verbose cli   'run',
1 verbose cli   'build' ]
2 info using npm@3.10.10
3 info using node@v8.1.3
4 verbose run-script [ 'prebuild', 'build', 'postbuild' ]
5 info lifecycle webpack@1.0.0~prebuild: webpack@1.0.0
6 silly lifecycle webpack@1.0.0~prebuild: no script for prebuild, continuing
7 info lifecycle webpack@1.0.0~build: webpack@1.0.0
8 verbose lifecycle webpack@1.0.0~build: unsafe-perm in lifecycle true
9 verbose lifecycle webpack@1.0.0~build: PATH: /usr/local/lib/node_modules/cnpm/node_modules/npm/bin/node-gyp-bin:/Users/ushow/编程/study/webpack/node_modules/.bin:/usr/local/Cellar/node/8.1.3/bin:/usr/local/bin:/usr/local/bin/python:/usr/bin:/bin:/usr/sbin:/sbin
10 verbose lifecycle webpack@1.0.0~build: CWD: /Users/ushow/编程/study/webpack
11 silly lifecycle webpack@1.0.0~build: Args: [ '-c',
11 silly lifecycle   'webpack --config webpack.config.js --color --progress ' ]
12 silly lifecycle webpack@1.0.0~build: Returned: code: 1  signal: null
13 info lifecycle webpack@1.0.0~build: Failed to exec build script
14 verbose stack Error: webpack@1.0.0 build: `webpack --config webpack.config.js --color --progress `
14 verbose stack Exit status 1
14 verbose stack     at EventEmitter.<anonymous> (/usr/local/lib/node_modules/cnpm/node_modules/npm/lib/utils/lifecycle.js:255:16)
14 verbose stack     at emitTwo (events.js:125:13)
14 verbose stack     at EventEmitter.emit (events.js:213:7)
14 verbose stack     at ChildProcess.<anonymous> (/usr/local/lib/node_modules/cnpm/node_modules/npm/lib/utils/spawn.js:40:14)
14 verbose stack     at emitTwo (events.js:125:13)
14 verbose stack     at ChildProcess.emit (events.js:213:7)
14 verbose stack     at maybeClose (internal/child_process.js:897:16)
14 verbose stack     at Process.ChildProcess._handle.onexit (internal/child_process.js:208:5)
15 verbose pkgid webpack@1.0.0
16 verbose cwd /Users/ushow/编程/study/webpack
17 error Darwin 16.5.0
18 error argv "/usr/local/Cellar/node/8.1.3/bin/node" "/usr/local/lib/node_modules/cnpm/node_modules/.bin/npm" "--userconfig=/Users/ushow/.cnpmrc" "--disturl=https://npm.taobao.org/mirrors/node" "--registry=https://registry.npm.taobao.org" "run" "build"
19 error node v8.1.3
20 error npm  v3.10.10
21 error code ELIFECYCLE
22 error webpack@1.0.0 build: `webpack --config webpack.config.js --color --progress `
22 error Exit status 1
23 error Failed at the webpack@1.0.0 build script 'webpack --config webpack.config.js --color --progress '.
23 error Make sure you have the latest version of node.js and npm installed.
23 error If you do, this is most likely a problem with the webpack package,
23 error not with npm itself.
23 error Tell the author that this fails on your system:
23 error     webpack --config webpack.config.js --color --progress
23 error You can get information on how to open an issue for this project with:
23 error     npm bugs webpack
23 error Or if that isn't available, you can get their info via:
23 error     npm owner ls webpack
23 error There is likely additional logging output above.
24 verbose exit [ 1, true ]
